<?xml version="1.0" encoding="UTF-8"?>
<testsuite xmlns:xsi="http://www.w3.org/2001/XMLSchema-instance" xsi:noNamespaceSchemaLocation="https://maven.apache.org/surefire/maven-surefire-plugin/xsd/surefire-test-report-3.0.xsd" version="3.0" name="com.agregio.dao.ParkDaoTest" time="6.881" tests="2" errors="0" skipped="0" failures="0">
  <properties>
[...]
</properties>
  <testcase name="getParkByMarcheId" classname="com.agregio.dao.ParkDaoTest" time="0.882">
    <system-out><![CDATA[
  .   ____          _            __ _ _
 /\\ / ___'_ __ _ _(_)_ __  __ _ \ \ \ \
( ( )\___ | '_ | '_| | '_ \/ _` | \ \ \ \
 \\/  ___)| |_)| | | | | || (_| |  ) ) ) )
  '  |____| .__|_| |_|_| |_\__, | / / / /
 =========|_|==============|___/=/_/_/_/
 :: Spring Boot ::                (v3.2.5)

2024-05-22T01:17:29.240+02:00  INFO 19872 --- [           main] com.agregio.dao.ParkDaoTest              : Starting ParkDaoTest using Java 17.0.11 with PID 19872 (started by yvank in E:\projet\workspaces\workspaceenergie\agregio)
2024-05-22T01:17:29.244+02:00  INFO 19872 --- [           main] com.agregio.dao.ParkDaoTest              : No active profile set, falling back to 1 default profile: "default"
2024-05-22T01:17:30.043+02:00  INFO 19872 --- [           main] .s.d.r.c.RepositoryConfigurationDelegate : Bootstrapping Spring Data JPA repositories in DEFAULT mode.
2024-05-22T01:17:30.123+02:00  INFO 19872 --- [           main] .s.d.r.c.RepositoryConfigurationDelegate : Finished Spring Data repository scanning in 69 ms. Found 4 JPA repository interfaces.
2024-05-22T01:17:30.589+02:00  INFO 19872 --- [           main] com.zaxxer.hikari.HikariDataSource       : HikariPool-1 - Starting...
2024-05-22T01:17:30.893+02:00  INFO 19872 --- [           main] com.zaxxer.hikari.pool.HikariPool        : HikariPool-1 - Added connection conn0: url=jdbc:h2:mem:db user=SA
2024-05-22T01:17:30.896+02:00  INFO 19872 --- [           main] com.zaxxer.hikari.HikariDataSource       : HikariPool-1 - Start completed.
2024-05-22T01:17:31.042+02:00  INFO 19872 --- [           main] o.hibernate.jpa.internal.util.LogHelper  : HHH000204: Processing PersistenceUnitInfo [name: default]
2024-05-22T01:17:31.111+02:00  INFO 19872 --- [           main] org.hibernate.Version                    : HHH000412: Hibernate ORM core version 6.4.4.Final
2024-05-22T01:17:31.155+02:00  INFO 19872 --- [           main] o.h.c.internal.RegionFactoryInitiator    : HHH000026: Second-level cache disabled
2024-05-22T01:17:31.534+02:00  INFO 19872 --- [           main] o.s.o.j.p.SpringPersistenceUnitInfo      : No LoadTimeWeaver setup: ignoring JPA class transformer
2024-05-22T01:17:31.599+02:00  WARN 19872 --- [           main] org.hibernate.dialect.Dialect            : HHH000511: The 2.2.0 version for [org.hibernate.dialect.PostgreSQLDialect] is no longer supported, hence certain features may not work properly. The minimum supported version is 12.0.0. Check the community dialects project for available legacy versions.
2024-05-22T01:17:31.609+02:00  WARN 19872 --- [           main] org.hibernate.orm.deprecation            : HHH90000025: PostgreSQLDialect does not need to be specified explicitly using 'hibernate.dialect' (remove the property setting and it will be selected by default)
2024-05-22T01:17:32.428+02:00  INFO 19872 --- [           main] o.h.m.i.EntityInstantiatorPojoStandard   : HHH000182: No default (no-argument) constructor for class: com.agregio.entity.BlocParkEntity (class must be instantiated by Interceptor)
2024-05-22T01:17:32.667+02:00  INFO 19872 --- [           main] o.h.e.t.j.p.i.JtaPlatformInitiator       : HHH000489: No JTA platform available (set 'hibernate.transaction.jta.platform' to enable JTA platform integration)
2024-05-22T01:17:32.672+02:00  INFO 19872 --- [           main] j.LocalContainerEntityManagerFactoryBean : Initialized JPA EntityManagerFactory for persistence unit 'default'
2024-05-22T01:17:33.117+02:00  INFO 19872 --- [           main] o.s.d.j.r.query.QueryEnhancerFactory     : Hibernate is in classpath; If applicable, HQL parser will be used.
2024-05-22T01:17:33.360+02:00  WARN 19872 --- [           main] JpaBaseConfiguration$JpaWebConfiguration : spring.jpa.open-in-view is enabled by default. Therefore, database queries may be performed during view rendering. Explicitly configure spring.jpa.open-in-view to disable this warning
2024-05-22T01:17:33.495+02:00  WARN 19872 --- [           main] s.w.s.m.m.a.RequestMappingHandlerMapping : Multiple @RequestMapping annotations found on public java.lang.Long com.agregio.controller.OffreController.createOffres(com.agregio.dto.OffreDto), but only the first will be used: [@org.springframework.web.bind.annotation.RequestMapping(consumes={}, headers={}, method={}, name="", params={}, path={"/createOffre"}, produces={}, value={"/createOffre"}), @org.springframework.web.bind.annotation.PostMapping(consumes={}, headers={}, name="", params={}, path={}, produces={}, value={})]
2024-05-22T01:17:33.928+02:00  INFO 19872 --- [           main] o.s.b.a.h2.H2ConsoleAutoConfiguration    : H2 console available at '/h2-console'. Database available at 'jdbc:h2:mem:db'
2024-05-22T01:17:34.027+02:00  INFO 19872 --- [           main] com.agregio.dao.ParkDaoTest              : Started ParkDaoTest in 5.101 seconds (process running for 6.26)
Hibernate: SELECT  p.* FROM park p , bloc_park bp , bloc b, offre, marche m WHERE p.id = bp.id_park AND bp.id_bloc=b.id AND b.id_offre = offre.id AND m.id = offre.marche_id AND m.id= ?
]]></system-out>
  </testcase>
  <testcase name="testCreatePark" classname="com.agregio.dao.ParkDaoTest" time="0.386">
    <system-out><![CDATA[Hibernate: insert into park (name,type) values (?,?)
Hibernate: select pe1_0.id,pe1_0.name,pe1_0.type from park pe1_0 where pe1_0.id=?
Hibernate: select count(*) from park pe1_0 where pe1_0.id=?
]]></system-out>
  </testcase>
</testsuite>